<?xml version="1.0" encoding="UTF-8"?>
<!-- Generated by org.testng.reporters.JUnitReportReporter -->
<testsuite hostname="3678-1KF28C3" failures="0" tests="1" name="script.DemoTest2" time="29.153" errors="0" timestamp="10 Jan 2024 06:30:12 GMT" skipped="0">
  <testcase classname="script.DemoTest2" name="testB" time="29.153"/>
</testsuite> <!-- script.DemoTest2 -->
